<?xml version="1.0" encoding="UTF-8"?>
<!-- Generated by org.testng.reporters.JUnitXMLReporter -->
<testsuite ignored="0" hostname="DESKTOP-G6IBDA0" failures="2" tests="25" name="Register" time="152.474" errors="0" timestamp="2024-11-24T17:43:03 EET">
  <testcase classname="testCases.TC001_AccountRegisterTest" name="invalidRegister" time="6.08"/>
  <testcase classname="testCases.TC001_AccountRegisterTest" name="invalidRegister" time="3.59"/>
  <testcase classname="testCases.TC001_AccountRegisterTest" name="invalidRegister" time="3.29"/>
  <testcase classname="testCases.TC001_AccountRegisterTest" name="invalidRegister" time="2.698"/>
  <testcase classname="testCases.TC002_LoginTest" name="Login" time="2.761"/>
  <testcase classname="testCases.TC002_LoginTest" name="Login" time="2.073"/>
  <testcase classname="testCases.TC002_LoginTest" name="Login" time="2.216"/>
  <testcase classname="testCases.TC002_LoginTest" name="Login" time="4.209"/>
  <testcase classname="testCases.TC002_LoginTest" name="Login" time="3.044"/>
  <testcase classname="testCases.TC002_LoginTest" name="validLogin" time="3.628"/>
  <testcase classname="testCases.TC003_ForgotPasswordTest" name="ForgortPassword" time="3.531"/>
  <testcase classname="testCases.TC003_ForgotPasswordTest" name="ForgortPassword" time="2.564"/>
  <testcase classname="testCases.TC003_ForgotPasswordTest" name="ForgortPassword" time="2.613"/>
  <testcase classname="testCases.TC003_ForgotPasswordTest" name="ForgortPassword" time="2.632"/>
  <testcase classname="testCases.TC004_SearchTest" name="invalidSearch" time="11.131"/>
  <testcase classname="testCases.TC004_SearchTest" name="invalidSearch" time="11.08"/>
  <testcase classname="testCases.TC004_SearchTest" name="invalidSearch" time="11.432"/>
  <testcase classname="testCases.TC004_SearchTest" name="invalidSearch" time="2.586">
    <failure type="java.lang.AssertionError" message="expected [true] but found [false]">
      <![CDATA[java.lang.AssertionError: expected [true] but found [false]
at testCases.TC004_SearchTest.invalidSearch(TC004_SearchTest.java:35)
at java.base/java.util.ArrayList.forEach(ArrayList.java:1597)
... Removed 29 stack frames]]>
    </failure>
  </testcase> <!-- invalidSearch -->
  <testcase classname="testCases.TC004_SearchTest" name="invalidSearch" time="1.018">
    <failure type="java.lang.AssertionError" message="expected [true] but found [false]">
      <![CDATA[java.lang.AssertionError: expected [true] but found [false]
at testCases.TC004_SearchTest.invalidSearch(TC004_SearchTest.java:35)
at java.base/java.util.ArrayList.forEach(ArrayList.java:1597)
... Removed 29 stack frames]]>
    </failure>
  </testcase> <!-- invalidSearch -->
  <testcase classname="testCases.TC004_SearchTest" name="validSearch" time="1.247"/>
  <testcase classname="testCases.TC005_SelectCurrency" name="ConfirmEuroCurrency" time="1.518"/>
  <testcase classname="testCases.TC005_SelectCurrency" name="ConfirmPoundSterlingCurrency" time="1.251"/>
  <testcase classname="testCases.TC005_SelectCurrency" name="ConfirmUSDCurrency" time="1.27"/>
  <testcase classname="testCases.TC006_FeaturedProducts" name="AddFeaturedProductToCart" time="2.204"/>
  <testcase classname="testCases.TC006_FeaturedProducts" name="AddFeaturedProductToCompare" time="3.72"/>
</testsuite> <!-- Register -->
